2025-02-13 14:55:21.426: [INFO] VisibilityChanged: 0
2025-02-13 14:55:21.458: [INFO] RecordSyncInitDurationhas_sync_been_enabled: 0 state: 0
2025-02-13 14:55:21.458: [INFO] RecordSyncInitDurationhas_sync_been_enabled: 0 state: 0
2025-02-13 14:55:21.458: [INFO] RecordSyncInitDurationhas_sync_been_enabled: 0 state: 0
2025-02-13 14:55:21.458: [INFO] RecordSyncInitDurationhas_sync_been_enabled: 0 state: 0
2025-02-13 14:55:21.458: [INFO] RecordSyncInitDurationhas_sync_been_enabled: 0 state: 0
2025-02-13 14:55:21.458: [INFO] RecordSyncInitDurationhas_sync_been_enabled: 0 state: 0
2025-02-13 14:55:21.458: [INFO] RecordSyncInitDurationhas_sync_been_enabled: 0 state: 0
2025-02-13 14:55:21.458: [INFO] RecordSyncInitDurationhas_sync_been_enabled: 0 state: 0
2025-02-13 14:55:21.458: [INFO] RecordSyncInitDurationhas_sync_been_enabled: 0 state: 0
2025-02-13 14:55:21.459: [INFO] RecordSyncInitDurationhas_sync_been_enabled: 0 state: 0
2025-02-13 14:55:21.459: [INFO] RecordSyncInitDurationhas_sync_been_enabled: 0 state: 0
2025-02-13 14:55:21.465: [INFO] BookmarkModelLoaded, ids_reassigned: 0
2025-02-13 14:55:21.465: [INFO] OnDoneLoading sync enabled: 0
2025-02-13 14:55:21.502: [INFO] RecordSyncInitDurationhas_sync_been_enabled: 0 state: 0
2025-02-13 14:55:21.534: [INFO] Primary account changed.
2025-02-13 14:55:21.534: [INFO] OnPrimaryAccountChangedPrimaryAccountChangeEvent::Type::kSet
2025-02-13 14:55:21.535: [INFO] RecordSyncInitDurationhas_sync_been_enabled: 0 state: 3
2025-02-13 14:55:21.536: [INFO] RecordSyncInitDurationhas_sync_been_enabled: 0 state: 3
2025-02-13 14:55:21.699: [INFO] RecordSyncInitDurationhas_sync_been_enabled: 0 state: 3
2025-02-13 14:55:26.685: [INFO] VisibilityChanged: 1
2025-02-13 14:55:50.742: [INFO] VisibilityChanged: 0
